This file contains any messages produced by compilers while
running configure, to aid debugging if configure makes a mistake.

It was created by FULL-PACKAGE-NAME configure VERSION, which was
generated by GNU Autoconf 2.69.  Invocation command line was

  $ ./configure CC=/usr/bin/gcc CXX=/usr/bin/g++ CFLAGS=-g3 -gdwarf-2 CXXFLAGS=-g3 -gdwarf-2

## --------- ##
## Platform. ##
## --------- ##

hostname = localhost.localdomain
uname -m = x86_64
uname -r = 5.3.18-lp152.63-default
uname -s = Linux
uname -v = #1 SMP Mon Feb 1 17:31:55 UTC 2021 (98caa86)

/usr/bin/uname -p = x86_64
/bin/uname -X     = unknown

/bin/arch              = x86_64
/usr/bin/arch -k       = unknown
/usr/convex/getsysinfo = unknown
/usr/bin/hostinfo      = unknown
/bin/machine           = unknown
/usr/bin/oslevel       = unknown
/bin/universe          = unknown

PATH: /usr/bin
PATH: /home/paulo/bin
PATH: /usr/local/bin
PATH: /usr/bin
PATH: /bin


## ----------- ##
## Core tests. ##
## ----------- ##

configure:2233: loading site script /usr/share/site/x86_64-unknown-linux-gnu
| #!/bin/sh
| # Site script for configure. It is resourced via $CONFIG_SITE environment varaible.
| 
| # If user did not specify libdir, guess the correct target:
| # Use lib64 for 64 bit bi-arch targets, keep the default for the rest.
| if test "$libdir" = '${exec_prefix}/lib' ; then
| 
| 	ac_config_site_64bit_host=NONE
| 
| 	case "$host" in
| 	"" )
| 		# User did not specify host target.
| 		# The native platform x86_64 is a bi-arch platform.
| 		# Try to detect cross-compilation to inferior architecture.
| 
| 		# We are trying to guess 32-bit target compilation. It's not as easy as
| 		# it sounds, as there is possible several intermediate combinations.
| 		ac_config_site_cross_to_32bit_host=NONE
| 
| 		# User defined -m32 in CFLAGS or CXXFLAGS or CC or CXX:
| 		# (It's sufficient for 32-bit, but alone may cause mis-behavior of some checks.)
| 		case "$CFLAGS $CXXFLAGS $CC $CXX" in
| 		*-m32*)
| 			ac_config_site_cross_to_32bit_host=YES
| 			;;
| 		esac
| 
| 		# Running with linux32:
| 		# (Changes detected platform, but not the toolchain target.)
| 		case "`/bin/uname -i`" in
| 		x86_64 | ppc64 | s390x | aarch64 )
| 			;;
| 		* )
| 			ac_config_site_cross_to_32bit_host=YES
| 			;;
| 		esac
| 
| 		if test "x$ac_config_site_cross_to_32bit_host" = xNONE; then
| 			ac_config_site_64bit_host=YES
| 		fi
| 
| 		;;
| 	*x86_64* | *ppc64* | *s390x* | *aarch64* )
| 		ac_config_site_64bit_host=YES
| 		;;
| 	esac
| 
| 	if test "x$ac_config_site_64bit_host" = xYES; then
| 		libdir='${exec_prefix}/lib64'
| 	fi
| fi
| 
| # If user did not specify libexecdir, set the correct target:
| # Nor FHS nor openSUSE allow prefix/libexec. Let's default to prefix/lib.
| 
| if test "$libexecdir" = '${exec_prefix}/libexec' ; then
| 	libexecdir='${exec_prefix}/lib'
| fi
| 
| # Continue with the standard behavior of configure defined in AC_SITE_LOAD:
| if test "x$prefix" != xNONE; then
| 	ac_site_file1=$prefix/share/config.site
| 	ac_site_file2=$prefix/etc/config.site
| else
| 	ac_site_file1=$ac_default_prefix/share/config.site
| 	ac_site_file2=$ac_default_prefix/etc/config.site
| fi
| for ac_site_file in "$ac_site_file1" "$ac_site_file2"
| do
| 	test "x$ac_site_file" = xNONE && continue
| 	if test /dev/null != "$ac_site_file" && test -r "$ac_site_file"; then
| 		{ $as_echo "/usr/share/site/x86_64-unknown-linux-gnu:${as_lineno-$LINENO}: loading site script $ac_site_file" >&5
| $as_echo "/usr/share/site/x86_64-unknown-linux-gnu: loading site script $ac_site_file" >&6;}
| 		sed 's/^/| /' "$ac_site_file" >&5
| 		. "$ac_site_file" \
| 			|| { { $as_echo "/usr/share/site/x86_64-unknown-linux-gnu:${as_lineno-$LINENO}: error: in \`$ac_pwd':" >&5
| $as_echo "/usr/share/site/x86_64-unknown-linux-gnu: error: in \`$ac_pwd':" >&2;}
| as_fn_error $? "failed to load site script $ac_site_file
| See \`config.log' for more details" "$LINENO" 5; }
| 	fi
| done
configure:2377: checking for a BSD-compatible install
configure:2445: result: /usr/bin/install -c
configure:2456: checking whether build environment is sane
configure:2511: result: yes
configure:2662: checking for a thread-safe mkdir -p
configure:2701: result: /usr/bin/mkdir -p
configure:2708: checking for gawk
configure:2724: found /usr/bin/gawk
configure:2735: result: gawk
configure:2746: checking whether make sets $(MAKE)
configure:2768: result: yes
configure:2797: checking whether make supports nested variables
configure:2814: result: yes
configure:2951: checking for gawk
configure:2978: result: gawk
configure:3038: checking for gcc
configure:3065: result: /usr/bin/gcc
configure:3294: checking for C compiler version
configure:3303: /usr/bin/gcc --version >&5
gcc (SUSE Linux) 7.5.0
Copyright (C) 2017 Free Software Foundation, Inc.
This is free software; see the source for copying conditions.  There is NO
warranty; not even for MERCHANTABILITY or FITNESS FOR A PARTICULAR PURPOSE.

configure:3314: $? = 0
configure:3303: /usr/bin/gcc -v >&5
Using built-in specs.
COLLECT_GCC=/usr/bin/gcc
COLLECT_LTO_WRAPPER=/usr/lib64/gcc/x86_64-suse-linux/7/lto-wrapper
OFFLOAD_TARGET_NAMES=hsa:nvptx-none
Target: x86_64-suse-linux
Configured with: ../configure --prefix=/usr --infodir=/usr/share/info --mandir=/usr/share/man --libdir=/usr/lib64 --libexecdir=/usr/lib64 --enable-languages=c,c++,objc,fortran,obj-c++,ada,go --enable-offload-targets=hsa,nvptx-none, --without-cuda-driver --enable-checking=release --disable-werror --with-gxx-include-dir=/usr/include/c++/7 --enable-ssp --disable-libssp --disable-libvtv --disable-libcc1 --disable-plugin --with-bugurl=https://bugs.opensuse.org/ --with-pkgversion='SUSE Linux' --with-slibdir=/lib64 --with-system-zlib --enable-libstdcxx-allocator=new --disable-libstdcxx-pch --enable-version-specific-runtime-libs --with-gcc-major-version-only --enable-linker-build-id --enable-linux-futex --enable-gnu-indirect-function --program-suffix=-7 --without-system-libunwind --enable-multilib --with-arch-32=x86-64 --with-tune=generic --build=x86_64-suse-linux --host=x86_64-suse-linux
Thread model: posix
gcc version 7.5.0 (SUSE Linux) 
configure:3314: $? = 0
configure:3303: /usr/bin/gcc -V >&5
gcc: error: unrecognized command line option '-V'
gcc: fatal error: no input files
compilation terminated.
configure:3314: $? = 1
configure:3303: /usr/bin/gcc -qversion >&5
gcc: error: unrecognized command line option '-qversion'; did you mean '--version'?
gcc: fatal error: no input files
compilation terminated.
configure:3314: $? = 1
configure:3334: checking whether the C compiler works
configure:3356: /usr/bin/gcc -g3 -gdwarf-2   conftest.c  >&5
configure:3360: $? = 0
configure:3408: result: yes
configure:3411: checking for C compiler default output file name
configure:3413: result: a.out
configure:3419: checking for suffix of executables
configure:3426: /usr/bin/gcc -o conftest -g3 -gdwarf-2   conftest.c  >&5
configure:3430: $? = 0
configure:3452: result: 
configure:3474: checking whether we are cross compiling
configure:3482: /usr/bin/gcc -o conftest -g3 -gdwarf-2   conftest.c  >&5
configure:3486: $? = 0
configure:3493: ./conftest
configure:3497: $? = 0
configure:3512: result: no
configure:3517: checking for suffix of object files
configure:3539: /usr/bin/gcc -c -g3 -gdwarf-2  conftest.c >&5
configure:3543: $? = 0
configure:3564: result: o
configure:3568: checking whether we are using the GNU C compiler
configure:3587: /usr/bin/gcc -c -g3 -gdwarf-2  conftest.c >&5
configure:3587: $? = 0
configure:3596: result: yes
configure:3605: checking whether /usr/bin/gcc accepts -g
configure:3625: /usr/bin/gcc -c -g  conftest.c >&5
configure:3625: $? = 0
configure:3666: result: yes
configure:3683: checking for /usr/bin/gcc option to accept ISO C89
configure:3746: /usr/bin/gcc  -c -g3 -gdwarf-2  conftest.c >&5
configure:3746: $? = 0
configure:3759: result: none needed
configure:3784: checking whether /usr/bin/gcc understands -c and -o together
configure:3806: /usr/bin/gcc -c conftest.c -o conftest2.o
configure:3809: $? = 0
configure:3806: /usr/bin/gcc -c conftest.c -o conftest2.o
configure:3809: $? = 0
configure:3821: result: yes
configure:3849: checking for style of include used by make
configure:3877: result: GNU
configure:3903: checking dependency style of /usr/bin/gcc
configure:4014: result: gcc3
configure:4033: checking for main in -lOpenCL
configure:4052: /usr/bin/gcc -o conftest -g3 -gdwarf-2   conftest.c -lOpenCL   >&5
configure:4052: $? = 0
configure:4061: result: yes
configure:4072: checking for main in -lm
configure:4091: /usr/bin/gcc -o conftest -g3 -gdwarf-2   conftest.c -lm   >&5
configure:4091: $? = 0
configure:4100: result: yes
configure:4118: checking how to run the C preprocessor
configure:4149: /usr/bin/gcc -E  conftest.c
configure:4149: $? = 0
configure:4163: /usr/bin/gcc -E  conftest.c
conftest.c:12:10: fatal error: ac_nonexistent.h: No such file or directory
 #include <ac_nonexistent.h>
          ^~~~~~~~~~~~~~~~~~
compilation terminated.
configure:4163: $? = 1
configure: failed program was:
| /* confdefs.h */
| #define PACKAGE_NAME "FULL-PACKAGE-NAME"
| #define PACKAGE_TARNAME "full-package-name"
| #define PACKAGE_VERSION "VERSION"
| #define PACKAGE_STRING "FULL-PACKAGE-NAME VERSION"
| #define PACKAGE_BUGREPORT "BUG-REPORT-ADDRESS"
| #define PACKAGE_URL ""
| #define PACKAGE "neblina"
| #define VERSION "1.1.15"
| #define HAVE_LIBM 1
| /* end confdefs.h.  */
| #include <ac_nonexistent.h>
configure:4188: result: /usr/bin/gcc -E
configure:4208: /usr/bin/gcc -E  conftest.c
configure:4208: $? = 0
configure:4222: /usr/bin/gcc -E  conftest.c
conftest.c:12:10: fatal error: ac_nonexistent.h: No such file or directory
 #include <ac_nonexistent.h>
          ^~~~~~~~~~~~~~~~~~
compilation terminated.
configure:4222: $? = 1
configure: failed program was:
| /* confdefs.h */
| #define PACKAGE_NAME "FULL-PACKAGE-NAME"
| #define PACKAGE_TARNAME "full-package-name"
| #define PACKAGE_VERSION "VERSION"
| #define PACKAGE_STRING "FULL-PACKAGE-NAME VERSION"
| #define PACKAGE_BUGREPORT "BUG-REPORT-ADDRESS"
| #define PACKAGE_URL ""
| #define PACKAGE "neblina"
| #define VERSION "1.1.15"
| #define HAVE_LIBM 1
| /* end confdefs.h.  */
| #include <ac_nonexistent.h>
configure:4251: checking for grep that handles long lines and -e
configure:4309: result: /usr/bin/grep
configure:4314: checking for egrep
configure:4376: result: /usr/bin/grep -E
configure:4381: checking for ANSI C header files
configure:4401: /usr/bin/gcc -c -g3 -gdwarf-2  conftest.c >&5
configure:4401: $? = 0
configure:4474: /usr/bin/gcc -o conftest -g3 -gdwarf-2   conftest.c -lm  >&5
configure:4474: $? = 0
configure:4474: ./conftest
configure:4474: $? = 0
configure:4485: result: yes
configure:4498: checking for sys/types.h
configure:4498: /usr/bin/gcc -c -g3 -gdwarf-2  conftest.c >&5
configure:4498: $? = 0
configure:4498: result: yes
configure:4498: checking for sys/stat.h
configure:4498: /usr/bin/gcc -c -g3 -gdwarf-2  conftest.c >&5
configure:4498: $? = 0
configure:4498: result: yes
configure:4498: checking for stdlib.h
configure:4498: /usr/bin/gcc -c -g3 -gdwarf-2  conftest.c >&5
configure:4498: $? = 0
configure:4498: result: yes
configure:4498: checking for string.h
configure:4498: /usr/bin/gcc -c -g3 -gdwarf-2  conftest.c >&5
configure:4498: $? = 0
configure:4498: result: yes
configure:4498: checking for memory.h
configure:4498: /usr/bin/gcc -c -g3 -gdwarf-2  conftest.c >&5
configure:4498: $? = 0
configure:4498: result: yes
configure:4498: checking for strings.h
configure:4498: /usr/bin/gcc -c -g3 -gdwarf-2  conftest.c >&5
configure:4498: $? = 0
configure:4498: result: yes
configure:4498: checking for inttypes.h
configure:4498: /usr/bin/gcc -c -g3 -gdwarf-2  conftest.c >&5
configure:4498: $? = 0
configure:4498: result: yes
configure:4498: checking for stdint.h
configure:4498: /usr/bin/gcc -c -g3 -gdwarf-2  conftest.c >&5
configure:4498: $? = 0
configure:4498: result: yes
configure:4498: checking for unistd.h
configure:4498: /usr/bin/gcc -c -g3 -gdwarf-2  conftest.c >&5
configure:4498: $? = 0
configure:4498: result: yes
configure:4510: checking for size_t
configure:4510: /usr/bin/gcc -c -g3 -gdwarf-2  conftest.c >&5
configure:4510: $? = 0
configure:4510: /usr/bin/gcc -c -g3 -gdwarf-2  conftest.c >&5
conftest.c: In function 'main':
conftest.c:58:21: error: expected expression before ')' token
 if (sizeof ((size_t)))
                     ^
configure:4510: $? = 1
configure: failed program was:
| /* confdefs.h */
| #define PACKAGE_NAME "FULL-PACKAGE-NAME"
| #define PACKAGE_TARNAME "full-package-name"
| #define PACKAGE_VERSION "VERSION"
| #define PACKAGE_STRING "FULL-PACKAGE-NAME VERSION"
| #define PACKAGE_BUGREPORT "BUG-REPORT-ADDRESS"
| #define PACKAGE_URL ""
| #define PACKAGE "neblina"
| #define VERSION "1.1.15"
| #define HAVE_LIBM 1
| #define STDC_HEADERS 1
| #define HAVE_SYS_TYPES_H 1
| #define HAVE_SYS_STAT_H 1
| #define HAVE_STDLIB_H 1
| #define HAVE_STRING_H 1
| #define HAVE_MEMORY_H 1
| #define HAVE_STRINGS_H 1
| #define HAVE_INTTYPES_H 1
| #define HAVE_STDINT_H 1
| #define HAVE_UNISTD_H 1
| /* end confdefs.h.  */
| #include <stdio.h>
| #ifdef HAVE_SYS_TYPES_H
| # include <sys/types.h>
| #endif
| #ifdef HAVE_SYS_STAT_H
| # include <sys/stat.h>
| #endif
| #ifdef STDC_HEADERS
| # include <stdlib.h>
| # include <stddef.h>
| #else
| # ifdef HAVE_STDLIB_H
| #  include <stdlib.h>
| # endif
| #endif
| #ifdef HAVE_STRING_H
| # if !defined STDC_HEADERS && defined HAVE_MEMORY_H
| #  include <memory.h>
| # endif
| # include <string.h>
| #endif
| #ifdef HAVE_STRINGS_H
| # include <strings.h>
| #endif
| #ifdef HAVE_INTTYPES_H
| # include <inttypes.h>
| #endif
| #ifdef HAVE_STDINT_H
| # include <stdint.h>
| #endif
| #ifdef HAVE_UNISTD_H
| # include <unistd.h>
| #endif
| int
| main ()
| {
| if (sizeof ((size_t)))
| 	    return 0;
|   ;
|   return 0;
| }
configure:4510: result: yes
configure:4523: checking for working alloca.h
configure:4540: /usr/bin/gcc -o conftest -g3 -gdwarf-2   conftest.c -lm  >&5
configure:4540: $? = 0
configure:4548: result: yes
configure:4556: checking for alloca
configure:4593: /usr/bin/gcc -o conftest -g3 -gdwarf-2   conftest.c -lm  >&5
configure:4593: $? = 0
configure:4601: result: yes
configure:4715: checking for inttypes.h
configure:4715: result: yes
configure:4715: checking libintl.h usability
configure:4715: /usr/bin/gcc -c -g3 -gdwarf-2  conftest.c >&5
configure:4715: $? = 0
configure:4715: result: yes
configure:4715: checking libintl.h presence
configure:4715: /usr/bin/gcc -E  conftest.c
configure:4715: $? = 0
configure:4715: result: yes
configure:4715: checking for libintl.h
configure:4715: result: yes
configure:4715: checking malloc.h usability
configure:4715: /usr/bin/gcc -c -g3 -gdwarf-2  conftest.c >&5
configure:4715: $? = 0
configure:4715: result: yes
configure:4715: checking malloc.h presence
configure:4715: /usr/bin/gcc -E  conftest.c
configure:4715: $? = 0
configure:4715: result: yes
configure:4715: checking for malloc.h
configure:4715: result: yes
configure:4715: checking math.h usability
configure:4715: /usr/bin/gcc -c -g3 -gdwarf-2  conftest.c >&5
configure:4715: $? = 0
configure:4715: result: yes
configure:4715: checking math.h presence
configure:4715: /usr/bin/gcc -E  conftest.c
configure:4715: $? = 0
configure:4715: result: yes
configure:4715: checking for math.h
configure:4715: result: yes
configure:4715: checking stdio.h usability
configure:4715: /usr/bin/gcc -c -g3 -gdwarf-2  conftest.c >&5
configure:4715: $? = 0
configure:4715: result: yes
configure:4715: checking stdio.h presence
configure:4715: /usr/bin/gcc -E  conftest.c
configure:4715: $? = 0
configure:4715: result: yes
configure:4715: checking for stdio.h
configure:4715: result: yes
configure:4715: checking stddef.h usability
configure:4715: /usr/bin/gcc -c -g3 -gdwarf-2  conftest.c >&5
configure:4715: $? = 0
configure:4715: result: yes
configure:4715: checking stddef.h presence
configure:4715: /usr/bin/gcc -E  conftest.c
configure:4715: $? = 0
configure:4715: result: yes
configure:4715: checking for stddef.h
configure:4715: result: yes
configure:4715: checking for stdlib.h
configure:4715: result: yes
configure:4715: checking for string.h
configure:4715: result: yes
configure:4715: checking sys/time.h usability
configure:4715: /usr/bin/gcc -c -g3 -gdwarf-2  conftest.c >&5
configure:4715: $? = 0
configure:4715: result: yes
configure:4715: checking sys/time.h presence
configure:4715: /usr/bin/gcc -E  conftest.c
configure:4715: $? = 0
configure:4715: result: yes
configure:4715: checking for sys/time.h
configure:4715: result: yes
configure:4715: checking for unistd.h
configure:4715: result: yes
configure:4726: checking for inline
configure:4742: /usr/bin/gcc -c -g3 -gdwarf-2  conftest.c >&5
configure:4742: $? = 0
configure:4750: result: inline
configure:4768: checking for int16_t
configure:4768: /usr/bin/gcc -c -g3 -gdwarf-2  conftest.c >&5
configure:4768: $? = 0
configure:4768: /usr/bin/gcc -c -g3 -gdwarf-2  conftest.c >&5
conftest.c: In function 'main':
conftest.c:71:12: error: size of array 'test_array' is negative
 static int test_array [1 - 2 * !((int16_t) (((((int16_t) 1 << N) << N) - 1) * 2 + 1)
            ^~~~~~~~~~
configure:4768: $? = 1
configure: failed program was:
| /* confdefs.h */
| #define PACKAGE_NAME "FULL-PACKAGE-NAME"
| #define PACKAGE_TARNAME "full-package-name"
| #define PACKAGE_VERSION "VERSION"
| #define PACKAGE_STRING "FULL-PACKAGE-NAME VERSION"
| #define PACKAGE_BUGREPORT "BUG-REPORT-ADDRESS"
| #define PACKAGE_URL ""
| #define PACKAGE "neblina"
| #define VERSION "1.1.15"
| #define HAVE_LIBM 1
| #define STDC_HEADERS 1
| #define HAVE_SYS_TYPES_H 1
| #define HAVE_SYS_STAT_H 1
| #define HAVE_STDLIB_H 1
| #define HAVE_STRING_H 1
| #define HAVE_MEMORY_H 1
| #define HAVE_STRINGS_H 1
| #define HAVE_INTTYPES_H 1
| #define HAVE_STDINT_H 1
| #define HAVE_UNISTD_H 1
| #define HAVE_ALLOCA_H 1
| #define HAVE_ALLOCA 1
| #define HAVE_INTTYPES_H 1
| #define HAVE_LIBINTL_H 1
| #define HAVE_MALLOC_H 1
| #define HAVE_MATH_H 1
| #define HAVE_STDIO_H 1
| #define HAVE_STDDEF_H 1
| #define HAVE_STDLIB_H 1
| #define HAVE_STRING_H 1
| #define HAVE_SYS_TIME_H 1
| #define HAVE_UNISTD_H 1
| /* end confdefs.h.  */
| #include <stdio.h>
| #ifdef HAVE_SYS_TYPES_H
| # include <sys/types.h>
| #endif
| #ifdef HAVE_SYS_STAT_H
| # include <sys/stat.h>
| #endif
| #ifdef STDC_HEADERS
| # include <stdlib.h>
| # include <stddef.h>
| #else
| # ifdef HAVE_STDLIB_H
| #  include <stdlib.h>
| # endif
| #endif
| #ifdef HAVE_STRING_H
| # if !defined STDC_HEADERS && defined HAVE_MEMORY_H
| #  include <memory.h>
| # endif
| # include <string.h>
| #endif
| #ifdef HAVE_STRINGS_H
| # include <strings.h>
| #endif
| #ifdef HAVE_INTTYPES_H
| # include <inttypes.h>
| #endif
| #ifdef HAVE_STDINT_H
| # include <stdint.h>
| #endif
| #ifdef HAVE_UNISTD_H
| # include <unistd.h>
| #endif
| 	        enum { N = 16 / 2 - 1 };
| int
| main ()
| {
| static int test_array [1 - 2 * !((int16_t) (((((int16_t) 1 << N) << N) - 1) * 2 + 1)
| 		 < (int16_t) (((((int16_t) 1 << N) << N) - 1) * 2 + 2))];
| test_array [0] = 0;
| return test_array [0];
| 
|   ;
|   return 0;
| }
configure:4768: result: yes
configure:4779: checking for int32_t
configure:4779: /usr/bin/gcc -c -g3 -gdwarf-2  conftest.c >&5
configure:4779: $? = 0
configure:4779: /usr/bin/gcc -c -g3 -gdwarf-2  conftest.c >&5
conftest.c: In function 'main':
conftest.c:72:53: warning: integer overflow in expression [-Woverflow]
    < (int32_t) (((((int32_t) 1 << N) << N) - 1) * 2 + 2))];
                                                     ^
conftest.c:71:12: error: storage size of 'test_array' isn't constant
 static int test_array [1 - 2 * !((int32_t) (((((int32_t) 1 << N) << N) - 1) * 2 + 1)
            ^~~~~~~~~~
configure:4779: $? = 1
configure: failed program was:
| /* confdefs.h */
| #define PACKAGE_NAME "FULL-PACKAGE-NAME"
| #define PACKAGE_TARNAME "full-package-name"
| #define PACKAGE_VERSION "VERSION"
| #define PACKAGE_STRING "FULL-PACKAGE-NAME VERSION"
| #define PACKAGE_BUGREPORT "BUG-REPORT-ADDRESS"
| #define PACKAGE_URL ""
| #define PACKAGE "neblina"
| #define VERSION "1.1.15"
| #define HAVE_LIBM 1
| #define STDC_HEADERS 1
| #define HAVE_SYS_TYPES_H 1
| #define HAVE_SYS_STAT_H 1
| #define HAVE_STDLIB_H 1
| #define HAVE_STRING_H 1
| #define HAVE_MEMORY_H 1
| #define HAVE_STRINGS_H 1
| #define HAVE_INTTYPES_H 1
| #define HAVE_STDINT_H 1
| #define HAVE_UNISTD_H 1
| #define HAVE_ALLOCA_H 1
| #define HAVE_ALLOCA 1
| #define HAVE_INTTYPES_H 1
| #define HAVE_LIBINTL_H 1
| #define HAVE_MALLOC_H 1
| #define HAVE_MATH_H 1
| #define HAVE_STDIO_H 1
| #define HAVE_STDDEF_H 1
| #define HAVE_STDLIB_H 1
| #define HAVE_STRING_H 1
| #define HAVE_SYS_TIME_H 1
| #define HAVE_UNISTD_H 1
| /* end confdefs.h.  */
| #include <stdio.h>
| #ifdef HAVE_SYS_TYPES_H
| # include <sys/types.h>
| #endif
| #ifdef HAVE_SYS_STAT_H
| # include <sys/stat.h>
| #endif
| #ifdef STDC_HEADERS
| # include <stdlib.h>
| # include <stddef.h>
| #else
| # ifdef HAVE_STDLIB_H
| #  include <stdlib.h>
| # endif
| #endif
| #ifdef HAVE_STRING_H
| # if !defined STDC_HEADERS && defined HAVE_MEMORY_H
| #  include <memory.h>
| # endif
| # include <string.h>
| #endif
| #ifdef HAVE_STRINGS_H
| # include <strings.h>
| #endif
| #ifdef HAVE_INTTYPES_H
| # include <inttypes.h>
| #endif
| #ifdef HAVE_STDINT_H
| # include <stdint.h>
| #endif
| #ifdef HAVE_UNISTD_H
| # include <unistd.h>
| #endif
| 	        enum { N = 32 / 2 - 1 };
| int
| main ()
| {
| static int test_array [1 - 2 * !((int32_t) (((((int32_t) 1 << N) << N) - 1) * 2 + 1)
| 		 < (int32_t) (((((int32_t) 1 << N) << N) - 1) * 2 + 2))];
| test_array [0] = 0;
| return test_array [0];
| 
|   ;
|   return 0;
| }
configure:4779: result: yes
configure:4790: checking for int8_t
configure:4790: /usr/bin/gcc -c -g3 -gdwarf-2  conftest.c >&5
configure:4790: $? = 0
configure:4790: /usr/bin/gcc -c -g3 -gdwarf-2  conftest.c >&5
conftest.c: In function 'main':
conftest.c:71:12: error: size of array 'test_array' is negative
 static int test_array [1 - 2 * !((int8_t) (((((int8_t) 1 << N) << N) - 1) * 2 + 1)
            ^~~~~~~~~~
configure:4790: $? = 1
configure: failed program was:
| /* confdefs.h */
| #define PACKAGE_NAME "FULL-PACKAGE-NAME"
| #define PACKAGE_TARNAME "full-package-name"
| #define PACKAGE_VERSION "VERSION"
| #define PACKAGE_STRING "FULL-PACKAGE-NAME VERSION"
| #define PACKAGE_BUGREPORT "BUG-REPORT-ADDRESS"
| #define PACKAGE_URL ""
| #define PACKAGE "neblina"
| #define VERSION "1.1.15"
| #define HAVE_LIBM 1
| #define STDC_HEADERS 1
| #define HAVE_SYS_TYPES_H 1
| #define HAVE_SYS_STAT_H 1
| #define HAVE_STDLIB_H 1
| #define HAVE_STRING_H 1
| #define HAVE_MEMORY_H 1
| #define HAVE_STRINGS_H 1
| #define HAVE_INTTYPES_H 1
| #define HAVE_STDINT_H 1
| #define HAVE_UNISTD_H 1
| #define HAVE_ALLOCA_H 1
| #define HAVE_ALLOCA 1
| #define HAVE_INTTYPES_H 1
| #define HAVE_LIBINTL_H 1
| #define HAVE_MALLOC_H 1
| #define HAVE_MATH_H 1
| #define HAVE_STDIO_H 1
| #define HAVE_STDDEF_H 1
| #define HAVE_STDLIB_H 1
| #define HAVE_STRING_H 1
| #define HAVE_SYS_TIME_H 1
| #define HAVE_UNISTD_H 1
| /* end confdefs.h.  */
| #include <stdio.h>
| #ifdef HAVE_SYS_TYPES_H
| # include <sys/types.h>
| #endif
| #ifdef HAVE_SYS_STAT_H
| # include <sys/stat.h>
| #endif
| #ifdef STDC_HEADERS
| # include <stdlib.h>
| # include <stddef.h>
| #else
| # ifdef HAVE_STDLIB_H
| #  include <stdlib.h>
| # endif
| #endif
| #ifdef HAVE_STRING_H
| # if !defined STDC_HEADERS && defined HAVE_MEMORY_H
| #  include <memory.h>
| # endif
| # include <string.h>
| #endif
| #ifdef HAVE_STRINGS_H
| # include <strings.h>
| #endif
| #ifdef HAVE_INTTYPES_H
| # include <inttypes.h>
| #endif
| #ifdef HAVE_STDINT_H
| # include <stdint.h>
| #endif
| #ifdef HAVE_UNISTD_H
| # include <unistd.h>
| #endif
| 	        enum { N = 8 / 2 - 1 };
| int
| main ()
| {
| static int test_array [1 - 2 * !((int8_t) (((((int8_t) 1 << N) << N) - 1) * 2 + 1)
| 		 < (int8_t) (((((int8_t) 1 << N) << N) - 1) * 2 + 2))];
| test_array [0] = 0;
| return test_array [0];
| 
|   ;
|   return 0;
| }
configure:4790: result: yes
configure:4801: checking for size_t
configure:4801: result: yes
configure:4812: checking for uint16_t
configure:4812: /usr/bin/gcc -c -g3 -gdwarf-2  conftest.c >&5
configure:4812: $? = 0
configure:4812: result: yes
configure:4824: checking for uint32_t
configure:4824: /usr/bin/gcc -c -g3 -gdwarf-2  conftest.c >&5
configure:4824: $? = 0
configure:4824: result: yes
configure:4838: checking for uint8_t
configure:4838: /usr/bin/gcc -c -g3 -gdwarf-2  conftest.c >&5
configure:4838: $? = 0
configure:4838: result: yes
configure:4856: checking for stdlib.h
configure:4856: result: yes
configure:4866: checking for GNU libc compatible malloc
configure:4890: /usr/bin/gcc -o conftest -g3 -gdwarf-2   conftest.c -lm  >&5
configure:4890: $? = 0
configure:4890: ./conftest
configure:4890: $? = 0
configure:4900: result: yes
configure:4923: checking for stdlib.h
configure:4923: result: yes
configure:4933: checking for GNU libc compatible realloc
configure:4957: /usr/bin/gcc -o conftest -g3 -gdwarf-2   conftest.c -lm  >&5
configure:4957: $? = 0
configure:4957: ./conftest
configure:4957: $? = 0
configure:4967: result: yes
configure:4991: checking for gettimeofday
configure:4991: /usr/bin/gcc -o conftest -g3 -gdwarf-2   conftest.c -lm  >&5
configure:4991: $? = 0
configure:4991: result: yes
configure:4991: checking for printf
configure:4991: /usr/bin/gcc -o conftest -g3 -gdwarf-2   conftest.c -lm  >&5
conftest.c:62:6: warning: conflicting types for built-in function 'printf' [-Wbuiltin-declaration-mismatch]
 char printf ();
      ^~~~~~
configure:4991: $? = 0
configure:4991: result: yes
configure:4991: checking for fprintf
configure:4991: /usr/bin/gcc -o conftest -g3 -gdwarf-2   conftest.c -lm  >&5
conftest.c:63:6: warning: conflicting types for built-in function 'fprintf' [-Wbuiltin-declaration-mismatch]
 char fprintf ();
      ^~~~~~~
configure:4991: $? = 0
configure:4991: result: yes
configure:4991: checking for memset
configure:4991: /usr/bin/gcc -o conftest -g3 -gdwarf-2   conftest.c -lm  >&5
conftest.c:64:6: warning: conflicting types for built-in function 'memset' [-Wbuiltin-declaration-mismatch]
 char memset ();
      ^~~~~~
configure:4991: $? = 0
configure:4991: result: yes
configure:4991: checking for sqrt
configure:4991: /usr/bin/gcc -o conftest -g3 -gdwarf-2   conftest.c -lm  >&5
conftest.c:65:6: warning: conflicting types for built-in function 'sqrt' [-Wbuiltin-declaration-mismatch]
 char sqrt ();
      ^~~~
configure:4991: $? = 0
configure:4991: result: yes
configure:4991: checking for cos
configure:4991: /usr/bin/gcc -o conftest -g3 -gdwarf-2   conftest.c -lm  >&5
conftest.c:66:6: warning: conflicting types for built-in function 'cos' [-Wbuiltin-declaration-mismatch]
 char cos ();
      ^~~
configure:4991: $? = 0
configure:4991: result: yes
configure:4991: checking for sin
configure:4991: /usr/bin/gcc -o conftest -g3 -gdwarf-2   conftest.c -lm  >&5
conftest.c:67:6: warning: conflicting types for built-in function 'sin' [-Wbuiltin-declaration-mismatch]
 char sin ();
      ^~~
configure:4991: $? = 0
configure:4991: result: yes
configure:4991: checking for tan
configure:4991: /usr/bin/gcc -o conftest -g3 -gdwarf-2   conftest.c -lm  >&5
conftest.c:68:6: warning: conflicting types for built-in function 'tan' [-Wbuiltin-declaration-mismatch]
 char tan ();
      ^~~
configure:4991: $? = 0
configure:4991: result: yes
configure:4991: checking for acos
configure:4991: /usr/bin/gcc -o conftest -g3 -gdwarf-2   conftest.c -lm  >&5
conftest.c:69:6: warning: conflicting types for built-in function 'acos' [-Wbuiltin-declaration-mismatch]
 char acos ();
      ^~~~
configure:4991: $? = 0
configure:4991: result: yes
configure:4991: checking for asin
configure:4991: /usr/bin/gcc -o conftest -g3 -gdwarf-2   conftest.c -lm  >&5
conftest.c:70:6: warning: conflicting types for built-in function 'asin' [-Wbuiltin-declaration-mismatch]
 char asin ();
      ^~~~
configure:4991: $? = 0
configure:4991: result: yes
configure:4991: checking for atan
configure:4991: /usr/bin/gcc -o conftest -g3 -gdwarf-2   conftest.c -lm  >&5
conftest.c:71:6: warning: conflicting types for built-in function 'atan' [-Wbuiltin-declaration-mismatch]
 char atan ();
      ^~~~
configure:4991: $? = 0
configure:4991: result: yes
configure:4991: checking for sinh
configure:4991: /usr/bin/gcc -o conftest -g3 -gdwarf-2   conftest.c -lm  >&5
conftest.c:72:6: warning: conflicting types for built-in function 'sinh' [-Wbuiltin-declaration-mismatch]
 char sinh ();
      ^~~~
configure:4991: $? = 0
configure:4991: result: yes
configure:4991: checking for cosh
configure:4991: /usr/bin/gcc -o conftest -g3 -gdwarf-2   conftest.c -lm  >&5
conftest.c:73:6: warning: conflicting types for built-in function 'cosh' [-Wbuiltin-declaration-mismatch]
 char cosh ();
      ^~~~
configure:4991: $? = 0
configure:4991: result: yes
configure:4991: checking for sinh
configure:4991: result: yes
configure:4991: checking for exp
configure:4991: /usr/bin/gcc -o conftest -g3 -gdwarf-2   conftest.c -lm  >&5
conftest.c:75:6: warning: conflicting types for built-in function 'exp' [-Wbuiltin-declaration-mismatch]
 char exp ();
      ^~~
configure:4991: $? = 0
configure:4991: result: yes
configure:4991: checking for floor
configure:4991: /usr/bin/gcc -o conftest -g3 -gdwarf-2   conftest.c -lm  >&5
conftest.c:76:6: warning: conflicting types for built-in function 'floor' [-Wbuiltin-declaration-mismatch]
 char floor ();
      ^~~~~
configure:4991: $? = 0
configure:4991: result: yes
configure:4991: checking for ceil
configure:4991: /usr/bin/gcc -o conftest -g3 -gdwarf-2   conftest.c -lm  >&5
conftest.c:77:6: warning: conflicting types for built-in function 'ceil' [-Wbuiltin-declaration-mismatch]
 char ceil ();
      ^~~~
configure:4991: $? = 0
configure:4991: result: yes
configure:4991: checking for round
configure:4991: /usr/bin/gcc -o conftest -g3 -gdwarf-2   conftest.c -lm  >&5
conftest.c:78:6: warning: conflicting types for built-in function 'round' [-Wbuiltin-declaration-mismatch]
 char round ();
      ^~~~~
configure:4991: $? = 0
configure:4991: result: yes
configure:4991: checking for pow
configure:4991: /usr/bin/gcc -o conftest -g3 -gdwarf-2   conftest.c -lm  >&5
conftest.c:79:6: warning: conflicting types for built-in function 'pow' [-Wbuiltin-declaration-mismatch]
 char pow ();
      ^~~
configure:4991: $? = 0
configure:4991: result: yes
configure:4991: checking for log
configure:4991: /usr/bin/gcc -o conftest -g3 -gdwarf-2   conftest.c -lm  >&5
conftest.c:80:6: warning: conflicting types for built-in function 'log' [-Wbuiltin-declaration-mismatch]
 char log ();
      ^~~
configure:4991: $? = 0
configure:4991: result: yes
configure:4991: checking for abs
configure:4991: /usr/bin/gcc -o conftest -g3 -gdwarf-2   conftest.c -lm  >&5
conftest.c:81:6: warning: conflicting types for built-in function 'abs' [-Wbuiltin-declaration-mismatch]
 char abs ();
      ^~~
configure:4991: $? = 0
configure:4991: result: yes
configure:4991: checking for fabs
configure:4991: /usr/bin/gcc -o conftest -g3 -gdwarf-2   conftest.c -lm  >&5
conftest.c:82:6: warning: conflicting types for built-in function 'fabs' [-Wbuiltin-declaration-mismatch]
 char fabs ();
      ^~~~
configure:4991: $? = 0
configure:4991: result: yes
configure:4991: checking for time
configure:4991: /usr/bin/gcc -o conftest -g3 -gdwarf-2   conftest.c -lm  >&5
configure:4991: $? = 0
configure:4991: result: yes
configure:4991: checking for gettimeofday
configure:4991: result: yes
configure:5112: checking that generated files are newer than configure
configure:5118: result: done
configure:5141: creating ./config.status

## ---------------------- ##
## Running config.status. ##
## ---------------------- ##

This file was extended by FULL-PACKAGE-NAME config.status VERSION, which was
generated by GNU Autoconf 2.69.  Invocation command line was

  CONFIG_FILES    = 
  CONFIG_HEADERS  = 
  CONFIG_LINKS    = 
  CONFIG_COMMANDS = 
  $ ./config.status 

on localhost.localdomain

config.status:894: creating Makefile
config.status:894: creating config.h
config.status:1075: config.h is unchanged
config.status:1123: executing depfiles commands

## ---------------- ##
## Cache variables. ##
## ---------------- ##

ac_cv_c_compiler_gnu=yes
ac_cv_c_inline=inline
ac_cv_c_int16_t=yes
ac_cv_c_int32_t=yes
ac_cv_c_int8_t=yes
ac_cv_c_uint16_t=yes
ac_cv_c_uint32_t=yes
ac_cv_c_uint8_t=yes
ac_cv_env_CC_set=set
ac_cv_env_CC_value=/usr/bin/gcc
ac_cv_env_CFLAGS_set=set
ac_cv_env_CFLAGS_value='-g3 -gdwarf-2'
ac_cv_env_CPPFLAGS_set=
ac_cv_env_CPPFLAGS_value=
ac_cv_env_CPP_set=
ac_cv_env_CPP_value=
ac_cv_env_LDFLAGS_set=
ac_cv_env_LDFLAGS_value=
ac_cv_env_LIBS_set=
ac_cv_env_LIBS_value=
ac_cv_env_build_alias_set=
ac_cv_env_build_alias_value=
ac_cv_env_host_alias_set=
ac_cv_env_host_alias_value=
ac_cv_env_target_alias_set=
ac_cv_env_target_alias_value=
ac_cv_func_abs=yes
ac_cv_func_acos=yes
ac_cv_func_alloca_works=yes
ac_cv_func_asin=yes
ac_cv_func_atan=yes
ac_cv_func_ceil=yes
ac_cv_func_cos=yes
ac_cv_func_cosh=yes
ac_cv_func_exp=yes
ac_cv_func_fabs=yes
ac_cv_func_floor=yes
ac_cv_func_fprintf=yes
ac_cv_func_gettimeofday=yes
ac_cv_func_log=yes
ac_cv_func_malloc_0_nonnull=yes
ac_cv_func_memset=yes
ac_cv_func_pow=yes
ac_cv_func_printf=yes
ac_cv_func_realloc_0_nonnull=yes
ac_cv_func_round=yes
ac_cv_func_sin=yes
ac_cv_func_sinh=yes
ac_cv_func_sqrt=yes
ac_cv_func_tan=yes
ac_cv_func_time=yes
ac_cv_header_inttypes_h=yes
ac_cv_header_libintl_h=yes
ac_cv_header_malloc_h=yes
ac_cv_header_math_h=yes
ac_cv_header_memory_h=yes
ac_cv_header_stdc=yes
ac_cv_header_stddef_h=yes
ac_cv_header_stdint_h=yes
ac_cv_header_stdio_h=yes
ac_cv_header_stdlib_h=yes
ac_cv_header_string_h=yes
ac_cv_header_strings_h=yes
ac_cv_header_sys_stat_h=yes
ac_cv_header_sys_time_h=yes
ac_cv_header_sys_types_h=yes
ac_cv_header_unistd_h=yes
ac_cv_lib_OpenCL_main=yes
ac_cv_lib_m_main=yes
ac_cv_objext=o
ac_cv_path_EGREP='/usr/bin/grep -E'
ac_cv_path_GREP=/usr/bin/grep
ac_cv_path_install='/usr/bin/install -c'
ac_cv_path_mkdir=/usr/bin/mkdir
ac_cv_prog_AWK=gawk
ac_cv_prog_CPP='/usr/bin/gcc -E'
ac_cv_prog_ac_ct_CC=/usr/bin/gcc
ac_cv_prog_cc_c89=
ac_cv_prog_cc_g=yes
ac_cv_prog_make_make_set=yes
ac_cv_type_size_t=yes
ac_cv_working_alloca_h=yes
am_cv_CC_dependencies_compiler_type=gcc3
am_cv_make_support_nested_variables=yes
am_cv_prog_cc_c_o=yes

## ----------------- ##
## Output variables. ##
## ----------------- ##

ACLOCAL='${SHELL} /home/paulo/Documentos/pesquisa/quantum/neblina-core/missing aclocal-1.15'
ALLOCA=''
AMDEPBACKSLASH='\'
AMDEP_FALSE='#'
AMDEP_TRUE=''
AMTAR='$${TAR-tar}'
AM_BACKSLASH='\'
AM_DEFAULT_V='$(AM_DEFAULT_VERBOSITY)'
AM_DEFAULT_VERBOSITY='1'
AM_V='$(V)'
AUTOCONF='${SHELL} /home/paulo/Documentos/pesquisa/quantum/neblina-core/missing autoconf'
AUTOHEADER='${SHELL} /home/paulo/Documentos/pesquisa/quantum/neblina-core/missing autoheader'
AUTOMAKE='${SHELL} /home/paulo/Documentos/pesquisa/quantum/neblina-core/missing automake-1.15'
AWK='gawk'
CC='/usr/bin/gcc'
CCDEPMODE='depmode=gcc3'
CFLAGS='-g3 -gdwarf-2'
CPP='/usr/bin/gcc -E'
CPPFLAGS=''
CYGPATH_W='echo'
DEFS='-DHAVE_CONFIG_H'
DEPDIR='.deps'
ECHO_C=''
ECHO_N='-n'
ECHO_T=''
EGREP='/usr/bin/grep -E'
EXEEXT=''
GREP='/usr/bin/grep'
INSTALL_DATA='${INSTALL} -m 644'
INSTALL_PROGRAM='${INSTALL}'
INSTALL_SCRIPT='${INSTALL}'
INSTALL_STRIP_PROGRAM='$(install_sh) -c -s'
LDFLAGS=''
LIBOBJS=''
LIBS='-lm '
LTLIBOBJS=''
MAKEINFO='${SHELL} /home/paulo/Documentos/pesquisa/quantum/neblina-core/missing makeinfo'
MKDIR_P='/usr/bin/mkdir -p'
OBJEXT='o'
PACKAGE='neblina'
PACKAGE_BUGREPORT='BUG-REPORT-ADDRESS'
PACKAGE_NAME='FULL-PACKAGE-NAME'
PACKAGE_STRING='FULL-PACKAGE-NAME VERSION'
PACKAGE_TARNAME='full-package-name'
PACKAGE_URL=''
PACKAGE_VERSION='VERSION'
PATH_SEPARATOR=':'
SET_MAKE=''
SHELL='/bin/sh'
STRIP=''
VERSION='1.1.15'
ac_ct_CC='/usr/bin/gcc'
am__EXEEXT_FALSE=''
am__EXEEXT_TRUE='#'
am__fastdepCC_FALSE='#'
am__fastdepCC_TRUE=''
am__include='include'
am__isrc=''
am__leading_dot='.'
am__nodep='_no'
am__quote=''
am__tar='$${TAR-tar} chof - "$$tardir"'
am__untar='$${TAR-tar} xf -'
bindir='${exec_prefix}/bin'
build_alias=''
datadir='${datarootdir}'
datarootdir='${prefix}/share'
docdir='${datarootdir}/doc/${PACKAGE_TARNAME}'
dvidir='${docdir}'
exec_prefix='${prefix}'
host_alias=''
htmldir='${docdir}'
includedir='${prefix}/include'
infodir='${datarootdir}/info'
install_sh='${SHELL} /home/paulo/Documentos/pesquisa/quantum/neblina-core/install-sh'
libdir='${exec_prefix}/lib64'
libexecdir='${exec_prefix}/lib'
localedir='${datarootdir}/locale'
localstatedir='${prefix}/var'
mandir='${datarootdir}/man'
mkdir_p='$(MKDIR_P)'
oldincludedir='/usr/include'
pdfdir='${docdir}'
prefix='/usr/local'
program_transform_name='s,x,x,'
psdir='${docdir}'
sbindir='${exec_prefix}/sbin'
sharedstatedir='${prefix}/com'
sysconfdir='${prefix}/etc'
target_alias=''

## ----------- ##
## confdefs.h. ##
## ----------- ##

/* confdefs.h */
#define PACKAGE_NAME "FULL-PACKAGE-NAME"
#define PACKAGE_TARNAME "full-package-name"
#define PACKAGE_VERSION "VERSION"
#define PACKAGE_STRING "FULL-PACKAGE-NAME VERSION"
#define PACKAGE_BUGREPORT "BUG-REPORT-ADDRESS"
#define PACKAGE_URL ""
#define PACKAGE "neblina"
#define VERSION "1.1.15"
#define HAVE_LIBM 1
#define STDC_HEADERS 1
#define HAVE_SYS_TYPES_H 1
#define HAVE_SYS_STAT_H 1
#define HAVE_STDLIB_H 1
#define HAVE_STRING_H 1
#define HAVE_MEMORY_H 1
#define HAVE_STRINGS_H 1
#define HAVE_INTTYPES_H 1
#define HAVE_STDINT_H 1
#define HAVE_UNISTD_H 1
#define HAVE_ALLOCA_H 1
#define HAVE_ALLOCA 1
#define HAVE_INTTYPES_H 1
#define HAVE_LIBINTL_H 1
#define HAVE_MALLOC_H 1
#define HAVE_MATH_H 1
#define HAVE_STDIO_H 1
#define HAVE_STDDEF_H 1
#define HAVE_STDLIB_H 1
#define HAVE_STRING_H 1
#define HAVE_SYS_TIME_H 1
#define HAVE_UNISTD_H 1
#define HAVE_STDLIB_H 1
#define HAVE_MALLOC 1
#define HAVE_STDLIB_H 1
#define HAVE_REALLOC 1
#define HAVE_GETTIMEOFDAY 1
#define HAVE_PRINTF 1
#define HAVE_FPRINTF 1
#define HAVE_MEMSET 1
#define HAVE_SQRT 1
#define HAVE_COS 1
#define HAVE_SIN 1
#define HAVE_TAN 1
#define HAVE_ACOS 1
#define HAVE_ASIN 1
#define HAVE_ATAN 1
#define HAVE_SINH 1
#define HAVE_COSH 1
#define HAVE_SINH 1
#define HAVE_EXP 1
#define HAVE_FLOOR 1
#define HAVE_CEIL 1
#define HAVE_ROUND 1
#define HAVE_POW 1
#define HAVE_LOG 1
#define HAVE_ABS 1
#define HAVE_FABS 1
#define HAVE_TIME 1
#define HAVE_GETTIMEOFDAY 1

configure: exit 0
